0 info it worked if it ends with ok
1 verbose cli [ '/usr/local/bin/node', '/usr/local/bin/npm', 'start' ]
2 info using npm@3.10.7
3 info using node@v4.2.6
4 verbose run-script [ 'prestart', 'start', 'poststart' ]
5 info lifecycle outpost@1.0.0~prestart: outpost@1.0.0
6 silly lifecycle outpost@1.0.0~prestart: no script for prestart, continuing
7 info lifecycle outpost@1.0.0~start: outpost@1.0.0
8 verbose lifecycle outpost@1.0.0~start: unsafe-perm in lifecycle true
9 verbose lifecycle outpost@1.0.0~start: PATH: /usr/local/lib/node_modules/npm/bin/node-gyp-bin:/Users/dan/code/gbjam/node_modules/.bin:/Users/dan/.rvm/gems/ruby-2.3.0/bin:/Users/dan/.rvm/gems/ruby-2.3.0@global/bin:/Users/dan/.rvm/rubies/ruby-2.3.0/bin:/usr/local/bin:/usr/local/sbin:~/bin:/usr/local/bin:/usr/bin:/bin:/usr/sbin:/sbin:/Users/dan/.rvm/bin
10 verbose lifecycle outpost@1.0.0~start: CWD: /Users/dan/code/gbjam
11 silly lifecycle outpost@1.0.0~start: Args: [ '-c', 'webpack-dev-server --content-base build' ]
12 silly lifecycle outpost@1.0.0~start: Returned: code: 1  signal: null
13 info lifecycle outpost@1.0.0~start: Failed to exec start script
14 verbose stack Error: outpost@1.0.0 start: `webpack-dev-server --content-base build`
14 verbose stack Exit status 1
14 verbose stack     at EventEmitter.<anonymous> (/usr/local/lib/node_modules/npm/lib/utils/lifecycle.js:255:16)
14 verbose stack     at emitTwo (events.js:87:13)
14 verbose stack     at EventEmitter.emit (events.js:172:7)
14 verbose stack     at ChildProcess.<anonymous> (/usr/local/lib/node_modules/npm/lib/utils/spawn.js:40:14)
14 verbose stack     at emitTwo (events.js:87:13)
14 verbose stack     at ChildProcess.emit (events.js:172:7)
14 verbose stack     at maybeClose (internal/child_process.js:821:16)
14 verbose stack     at Process.ChildProcess._handle.onexit (internal/child_process.js:211:5)
15 verbose pkgid outpost@1.0.0
16 verbose cwd /Users/dan/code/gbjam
17 error Darwin 16.1.0
18 error argv "/usr/local/bin/node" "/usr/local/bin/npm" "start"
19 error node v4.2.6
20 error npm  v3.10.7
21 error code ELIFECYCLE
22 error outpost@1.0.0 start: `webpack-dev-server --content-base build`
22 error Exit status 1
23 error Failed at the outpost@1.0.0 start script 'webpack-dev-server --content-base build'.
23 error Make sure you have the latest version of node.js and npm installed.
23 error If you do, this is most likely a problem with the outpost package,
23 error not with npm itself.
23 error Tell the author that this fails on your system:
23 error     webpack-dev-server --content-base build
23 error You can get information on how to open an issue for this project with:
23 error     npm bugs outpost
23 error Or if that isn't available, you can get their info via:
23 error     npm owner ls outpost
23 error There is likely additional logging output above.
24 verbose exit [ 1, true ]
